Build started 2010-07-25 12:11:00 PM.
     1>Project "C:\Users\Seansuke\Saved Games\OpenGL\tutorial\crabpong\Tutorial\Tutorial\Tutorial.vcxproj" on node 2 (rebuild target(s)).
     1>_PrepareForClean:
         Deleting file "Debug\Tutorial.lastbuildstate".
       InitializeBuildStatus:
         Creating "Debug\Tutorial.unsuccessfulbuild" because "AlwaysCreate" was specified.
       ClCompile:
         C:\Program Files (x86)\Microsoft Visual Studio 10.0\VC\bin\CL.exe /c /ZI /nologo /W3 /WX- /Od /Oy- /D WIN32 /D _DEBUG /D _CONSOLE /D _UNICODE /D UNICODE /Gm /EHsc /RTC1 /MDd /GS /fp:precise /Zc:wchar_t /Zc:forScope /Fo"Debug\\" /Fd"Debug\vc100.pdb" /Gd /TP /analyze- /errorReport:prompt imageloader.cpp main.cpp ship.cpp
         ship.cpp
         main.cpp
         imageloader.cpp
         Generating Code...
       ManifestResourceCompile:
         C:\Program Files (x86)\Microsoft SDKs\Windows\v7.0A\bin\rc.exe /nologo /fo"Debug\Tutorial.exe.embed.manifest.res" Debug\Tutorial_manifest.rc 
       Link:
         C:\Program Files (x86)\Microsoft Visual Studio 10.0\VC\bin\link.exe /ERRORREPORT:PROMPT /OUT:"C:\Users\Seansuke\Saved Games\OpenGL\tutorial\crabpong\Tutorial\Debug\Tutorial.exe" /INCREMENTAL /NOLOGO kernel32.lib user32.lib gdi32.lib winspool.lib comdlg32.lib advapi32.lib shell32.lib ole32.lib oleaut32.lib uuid.lib odbc32.lib odbccp32.lib /MANIFEST /ManifestFile:"Debug\Tutorial.exe.intermediate.manifest" /MANIFESTUAC:"level='asInvoker' uiAccess='false'" /DEBUG /PDB:"C:\Users\Seansuke\Saved Games\OpenGL\tutorial\crabpong\Tutorial\Debug\Tutorial.pdb" /SUBSYSTEM:CONSOLE /TLBID:1 /DYNAMICBASE /NXCOMPAT /IMPLIB:"C:\Users\Seansuke\Saved Games\OpenGL\tutorial\crabpong\Tutorial\Debug\Tutorial.lib" /MACHINE:X86 Debug\Tutorial.exe.embed.manifest.res
         Debug\imageloader.obj
         Debug\main.obj
         Debug\ship.obj
       Manifest:
         Deleting file "Debug\Tutorial.exe.embed.manifest".
         C:\Program Files (x86)\Microsoft SDKs\Windows\v7.0A\bin\mt.exe /nologo /verbose /out:"Debug\Tutorial.exe.embed.manifest" /manifest Debug\Tutorial.exe.intermediate.manifest
         C:\Program Files (x86)\Microsoft SDKs\Windows\v7.0A\bin\rc.exe /nologo /fo"Debug\Tutorial.exe.embed.manifest.res" Debug\Tutorial_manifest.rc 
       LinkEmbedManifest:
         C:\Program Files (x86)\Microsoft Visual Studio 10.0\VC\bin\link.exe /ERRORREPORT:PROMPT /OUT:"C:\Users\Seansuke\Saved Games\OpenGL\tutorial\crabpong\Tutorial\Debug\Tutorial.exe" /INCREMENTAL /NOLOGO kernel32.lib user32.lib gdi32.lib winspool.lib comdlg32.lib advapi32.lib shell32.lib ole32.lib oleaut32.lib uuid.lib odbc32.lib odbccp32.lib /MANIFEST /ManifestFile:"Debug\Tutorial.exe.intermediate.manifest" /MANIFESTUAC:"level='asInvoker' uiAccess='false'" /DEBUG /PDB:"C:\Users\Seansuke\Saved Games\OpenGL\tutorial\crabpong\Tutorial\Debug\Tutorial.pdb" /SUBSYSTEM:CONSOLE /TLBID:1 /DYNAMICBASE /NXCOMPAT /IMPLIB:"C:\Users\Seansuke\Saved Games\OpenGL\tutorial\crabpong\Tutorial\Debug\Tutorial.lib" /MACHINE:X86 Debug\Tutorial.exe.embed.manifest.res
         Debug\imageloader.obj
         Debug\main.obj
         Debug\ship.obj
         Tutorial.vcxproj -> C:\Users\Seansuke\Saved Games\OpenGL\tutorial\crabpong\Tutorial\Debug\Tutorial.exe
       FinalizeBuildStatus:
         Deleting file "Debug\Tutorial.unsuccessfulbuild".
         Touching "Debug\Tutorial.lastbuildstate".
     1>Done Building Project "C:\Users\Seansuke\Saved Games\OpenGL\tutorial\crabpong\Tutorial\Tutorial\Tutorial.vcxproj" (rebuild target(s)).

Build succeeded.

Time Elapsed 00:00:04.74
