C:\USERS\SEANSUKE\SAVED GAMES\OPENGL\TUTORIAL\CRABPONG\TUTORIAL\DEBUG\TUTORIAL.EXE
C:\USERS\SEANSUKE\SAVED GAMES\OPENGL\TUTORIAL\CRABPONG\TUTORIAL\DEBUG\TUTORIAL.ILK
C:\USERS\SEANSUKE\SAVED GAMES\OPENGL\TUTORIAL\CRABPONG\TUTORIAL\DEBUG\TUTORIAL.PDB
C:\Users\Seansuke\Saved Games\OpenGL\tutorial\crabpong\Tutorial\Tutorial\Debug\cl.command.1.tlog
C:\Users\Seansuke\Saved Games\OpenGL\tutorial\crabpong\Tutorial\Tutorial\Debug\CL.read.1.tlog
C:\Users\Seansuke\Saved Games\OpenGL\tutorial\crabpong\Tutorial\Tutorial\Debug\CL.write.1.tlog
C:\USERS\SEANSUKE\SAVED GAMES\OPENGL\TUTORIAL\CRABPONG\TUTORIAL\TUTORIAL\DEBUG\IMAGELOADER.OBJ
C:\Users\Seansuke\Saved Games\OpenGL\tutorial\crabpong\Tutorial\Tutorial\Debug\link.3152.read.1.tlog
C:\Users\Seansuke\Saved Games\OpenGL\tutorial\crabpong\Tutorial\Tutorial\Debug\link.3152.write.1.tlog
C:\Users\Seansuke\Saved Games\OpenGL\tutorial\crabpong\Tutorial\Tutorial\Debug\link.3152-cvtres.read.1.tlog
C:\Users\Seansuke\Saved Games\OpenGL\tutorial\crabpong\Tutorial\Tutorial\Debug\link.3152-cvtres.write.1.tlog
C:\Users\Seansuke\Saved Games\OpenGL\tutorial\crabpong\Tutorial\Tutorial\Debug\link.3580.read.1.tlog
C:\Users\Seansuke\Saved Games\OpenGL\tutorial\crabpong\Tutorial\Tutorial\Debug\link.3580.write.1.tlog
C:\Users\Seansuke\Saved Games\OpenGL\tutorial\crabpong\Tutorial\Tutorial\Debug\link.3580-cvtres.read.1.tlog
C:\Users\Seansuke\Saved Games\OpenGL\tutorial\crabpong\Tutorial\Tutorial\Debug\link.3580-cvtres.write.1.tlog
C:\Users\Seansuke\Saved Games\OpenGL\tutorial\crabpong\Tutorial\Tutorial\Debug\link.4988.read.1.tlog
C:\Users\Seansuke\Saved Games\OpenGL\tutorial\crabpong\Tutorial\Tutorial\Debug\link.4988.write.1.tlog
C:\Users\Seansuke\Saved Games\OpenGL\tutorial\crabpong\Tutorial\Tutorial\Debug\link.4988-cvtres.read.1.tlog
C:\Users\Seansuke\Saved Games\OpenGL\tutorial\crabpong\Tutorial\Tutorial\Debug\link.4988-cvtres.write.1.tlog
C:\Users\Seansuke\Saved Games\OpenGL\tutorial\crabpong\Tutorial\Tutorial\Debug\link.command.1.tlog
C:\Users\Seansuke\Saved Games\OpenGL\tutorial\crabpong\Tutorial\Tutorial\Debug\link.read.1.tlog
C:\Users\Seansuke\Saved Games\OpenGL\tutorial\crabpong\Tutorial\Tutorial\Debug\link.write.1.tlog
C:\Users\Seansuke\Saved Games\OpenGL\tutorial\crabpong\Tutorial\Tutorial\Debug\link-cvtres.read.1.tlog
C:\Users\Seansuke\Saved Games\OpenGL\tutorial\crabpong\Tutorial\Tutorial\Debug\link-cvtres.write.1.tlog
C:\USERS\SEANSUKE\SAVED GAMES\OPENGL\TUTORIAL\CRABPONG\TUTORIAL\TUTORIAL\DEBUG\MAIN.OBJ
C:\Users\Seansuke\Saved Games\OpenGL\tutorial\crabpong\Tutorial\Tutorial\Debug\mt.command.1.tlog
C:\Users\Seansuke\Saved Games\OpenGL\tutorial\crabpong\Tutorial\Tutorial\Debug\mt.read.1.tlog
C:\Users\Seansuke\Saved Games\OpenGL\tutorial\crabpong\Tutorial\Tutorial\Debug\mt.write.1.tlog
C:\Users\Seansuke\Saved Games\OpenGL\tutorial\crabpong\Tutorial\Tutorial\Debug\rc.command.1.tlog
C:\Users\Seansuke\Saved Games\OpenGL\tutorial\crabpong\Tutorial\Tutorial\Debug\rc.read.1.tlog
C:\Users\Seansuke\Saved Games\OpenGL\tutorial\crabpong\Tutorial\Tutorial\Debug\rc.write.1.tlog
C:\USERS\SEANSUKE\SAVED GAMES\OPENGL\TUTORIAL\CRABPONG\TUTORIAL\TUTORIAL\DEBUG\SHIP.OBJ
C:\USERS\SEANSUKE\SAVED GAMES\OPENGL\TUTORIAL\CRABPONG\TUTORIAL\TUTORIAL\DEBUG\TUTORIAL.EXE.EMBED.MANIFEST
C:\USERS\SEANSUKE\SAVED GAMES\OPENGL\TUTORIAL\CRABPONG\TUTORIAL\TUTORIAL\DEBUG\TUTORIAL.EXE.EMBED.MANIFEST.RES
C:\USERS\SEANSUKE\SAVED GAMES\OPENGL\TUTORIAL\CRABPONG\TUTORIAL\TUTORIAL\DEBUG\TUTORIAL.EXE.INTERMEDIATE.MANIFEST
C:\Users\Seansuke\Saved Games\OpenGL\tutorial\crabpong\Tutorial\Tutorial\Debug\Tutorial_manifest.rc
C:\Users\Seansuke\Saved Games\OpenGL\tutorial\crabpong\Tutorial\Tutorial\Debug\vc100.idb
C:\USERS\SEANSUKE\SAVED GAMES\OPENGL\TUTORIAL\CRABPONG\TUTORIAL\TUTORIAL\DEBUG\VC100.PDB
