C:\USERS\SEANSUKE\MY GAMES\PC\DASH STAR FOX CLONE\RELEASE\DASH STAR FOX CLONE BETA.EXE
C:\USERS\SEANSUKE\MY GAMES\PC\DASH STAR FOX CLONE\RELEASE\DASH STAR FOX CLONE BETA.PDB
C:\Users\Seansuke\My Games\PC\DASH Star Fox Clone\Tutorial\Release\cl.command.1.tlog
C:\Users\Seansuke\My Games\PC\DASH Star Fox Clone\Tutorial\Release\CL.read.1.tlog
C:\Users\Seansuke\My Games\PC\DASH Star Fox Clone\Tutorial\Release\CL.write.1.tlog
C:\USERS\SEANSUKE\MY GAMES\PC\DASH STAR FOX CLONE\TUTORIAL\RELEASE\DASH STAR FOX CLONE BETA.EXE.INTERMEDIATE.MANIFEST
C:\USERS\SEANSUKE\MY GAMES\PC\DASH STAR FOX CLONE\TUTORIAL\RELEASE\DRAWING.OBJ
C:\USERS\SEANSUKE\MY GAMES\PC\DASH STAR FOX CLONE\TUTORIAL\RELEASE\ENEMY.OBJ
C:\USERS\SEANSUKE\MY GAMES\PC\DASH STAR FOX CLONE\TUTORIAL\RELEASE\FIRE.OBJ
C:\USERS\SEANSUKE\MY GAMES\PC\DASH STAR FOX CLONE\TUTORIAL\RELEASE\FUNCTIONS.OBJ
C:\USERS\SEANSUKE\MY GAMES\PC\DASH STAR FOX CLONE\TUTORIAL\RELEASE\IMAGELOADER.OBJ
C:\Users\Seansuke\My Games\PC\DASH Star Fox Clone\Tutorial\Release\link.command.1.tlog
C:\Users\Seansuke\My Games\PC\DASH Star Fox Clone\Tutorial\Release\link.read.1.tlog
C:\Users\Seansuke\My Games\PC\DASH Star Fox Clone\Tutorial\Release\link.write.1.tlog
C:\USERS\SEANSUKE\MY GAMES\PC\DASH STAR FOX CLONE\TUTORIAL\RELEASE\MAIN.OBJ
C:\Users\Seansuke\My Games\PC\DASH Star Fox Clone\Tutorial\Release\mt.command.1.tlog
C:\Users\Seansuke\My Games\PC\DASH Star Fox Clone\Tutorial\Release\mt.read.1.tlog
C:\Users\Seansuke\My Games\PC\DASH Star Fox Clone\Tutorial\Release\mt.write.1.tlog
C:\USERS\SEANSUKE\MY GAMES\PC\DASH STAR FOX CLONE\TUTORIAL\RELEASE\SHIP.OBJ
C:\USERS\SEANSUKE\MY GAMES\PC\DASH STAR FOX CLONE\TUTORIAL\RELEASE\VC100.PDB
