C:\USERS\SEANSUKE\SAVED GAMES\DASH STAR FOX CLONE\RELEASE\TUTORIAL.EXE
C:\USERS\SEANSUKE\SAVED GAMES\DASH STAR FOX CLONE\RELEASE\TUTORIAL.PDB
C:\Users\Seansuke\Saved Games\DASH Star Fox Clone\Tutorial\Release\cl.command.1.tlog
C:\Users\Seansuke\Saved Games\DASH Star Fox Clone\Tutorial\Release\CL.read.1.tlog
C:\Users\Seansuke\Saved Games\DASH Star Fox Clone\Tutorial\Release\CL.write.1.tlog
C:\USERS\SEANSUKE\SAVED GAMES\DASH STAR FOX CLONE\TUTORIAL\RELEASE\DRAWING.OBJ
C:\USERS\SEANSUKE\SAVED GAMES\DASH STAR FOX CLONE\TUTORIAL\RELEASE\ENEMY.OBJ
C:\USERS\SEANSUKE\SAVED GAMES\DASH STAR FOX CLONE\TUTORIAL\RELEASE\FIRE.OBJ
C:\USERS\SEANSUKE\SAVED GAMES\DASH STAR FOX CLONE\TUTORIAL\RELEASE\FUNCTIONS.OBJ
C:\USERS\SEANSUKE\SAVED GAMES\DASH STAR FOX CLONE\TUTORIAL\RELEASE\IMAGELOADER.OBJ
C:\Users\Seansuke\Saved Games\DASH Star Fox Clone\Tutorial\Release\link.command.1.tlog
C:\Users\Seansuke\Saved Games\DASH Star Fox Clone\Tutorial\Release\link.read.1.tlog
C:\Users\Seansuke\Saved Games\DASH Star Fox Clone\Tutorial\Release\link.write.1.tlog
C:\USERS\SEANSUKE\SAVED GAMES\DASH STAR FOX CLONE\TUTORIAL\RELEASE\MAIN.OBJ
C:\Users\Seansuke\Saved Games\DASH Star Fox Clone\Tutorial\Release\mt.command.1.tlog
C:\Users\Seansuke\Saved Games\DASH Star Fox Clone\Tutorial\Release\mt.read.1.tlog
C:\Users\Seansuke\Saved Games\DASH Star Fox Clone\Tutorial\Release\mt.write.1.tlog
C:\USERS\SEANSUKE\SAVED GAMES\DASH STAR FOX CLONE\TUTORIAL\RELEASE\SHIP.OBJ
C:\USERS\SEANSUKE\SAVED GAMES\DASH STAR FOX CLONE\TUTORIAL\RELEASE\TUTORIAL.EXE.INTERMEDIATE.MANIFEST
C:\USERS\SEANSUKE\SAVED GAMES\DASH STAR FOX CLONE\TUTORIAL\RELEASE\VC100.PDB
